{"/Users/dev/Documents/projects/js/ke/kefetch/src/clients.ts": {"path":"/Users/dev/Documents/projects/js/ke/kefetch/src/clients.ts","statementMap":{"0":{"start":{"line":5,"column":0},"end":{"line":5,"column":51}},"1":{"start":{"line":5,"column":35},"end":{"line":5,"column":51}},"2":{"start":{"line":6,"column":15},"end":{"line":8,"column":3}},"3":{"start":{"line":7,"column":18},"end":{"line":7,"column":78}},"4":{"start":{"line":7,"column":11},"end":{"line":7,"column":86}},"5":{"start":{"line":7,"column":4},"end":{"line":7,"column":87}},"6":{"start":{"line":9,"column":0},"end":{"line":9,"column":1}},"7":{"start":{"line":11,"column":0},"end":{"line":11,"column":51}},"8":{"start":{"line":11,"column":35},"end":{"line":11,"column":51}},"9":{"start":{"line":12,"column":15},"end":{"line":14,"column":3}},"10":{"start":{"line":13,"column":18},"end":{"line":13,"column":78}},"11":{"start":{"line":13,"column":11},"end":{"line":13,"column":86}},"12":{"start":{"line":13,"column":4},"end":{"line":13,"column":87}},"13":{"start":{"line":15,"column":0},"end":{"line":15,"column":1}}},"fnMap":{"0":{"name":"(anonymous_18)","decl":{"start":{"line":5,"column":0},"end":{"line":null,"column":-1}},"loc":{"start":{"line":5,"column":0},"end":{"line":5,"column":-1}}},"1":{"name":"(anonymous_20)","decl":{"start":{"line":6,"column":2},"end":{"line":6,"column":22}},"loc":{"start":{"line":6,"column":94},"end":{"line":8,"column":3}}},"2":{"name":"(anonymous_23)","decl":{"start":{"line":11,"column":0},"end":{"line":null,"column":-1}},"loc":{"start":{"line":11,"column":0},"end":{"line":11,"column":-1}}},"3":{"name":"(anonymous_25)","decl":{"start":{"line":12,"column":2},"end":{"line":12,"column":22}},"loc":{"start":{"line":12,"column":94},"end":{"line":14,"column":3}}}},"branchMap":{},"s":{"0":1,"1":1,"2":1,"3":8,"4":8,"5":8,"6":1,"7":1,"8":1,"9":1,"10":1,"11":1,"12":1,"13":1},"f":{"0":9,"1":8,"2":2,"3":1},"b":{}}
,"/Users/dev/Documents/projects/js/ke/kefetch/src/generic-client.ts": {"path":"/Users/dev/Documents/projects/js/ke/kefetch/src/generic-client.ts","statementMap":{"0":{"start":{"line":10,"column":9},"end":{"line":10,"column":127}},"1":{"start":{"line":10,"column":2},"end":{"line":10,"column":128}},"2":{"start":{"line":13,"column":0},"end":{"line":44,"column":0}},"3":{"start":{"line":16,"column":20},"end":{"line":16,"column":40}},"4":{"start":{"line":17,"column":20},"end":{"line":17,"column":46}},"5":{"start":{"line":20,"column":47},"end":{"line":26,"column":5}},"6":{"start":{"line":23,"column":8},"end":{"line":23,"column":82}},"7":{"start":{"line":25,"column":31},"end":{"line":25,"column":35}},"8":{"start":{"line":27,"column":4},"end":{"line":27,"column":85}},"9":{"start":{"line":30,"column":15},"end":{"line":43,"column":3}},"10":{"start":{"line":31,"column":4},"end":{"line":33,"column":5}},"11":{"start":{"line":32,"column":6},"end":{"line":32,"column":65}},"12":{"start":{"line":35,"column":21},"end":{"line":35,"column":50}},"13":{"start":{"line":35,"column":51},"end":{"line":35,"column":168}},"14":{"start":{"line":35,"column":10},"end":{"line":35,"column":169}},"15":{"start":{"line":36,"column":6},"end":{"line":38,"column":7}},"16":{"start":{"line":37,"column":8},"end":{"line":37,"column":64}},"17":{"start":{"line":39,"column":6},"end":{"line":39,"column":22}},"18":{"start":{"line":41,"column":6},"end":{"line":41,"column":14}},"19":{"start":{"line":44,"column":0},"end":{"line":44,"column":1}},"20":{"start":{"line":46,"column":0},"end":{"line":46,"column":44}},"21":{"start":{"line":46,"column":39},"end":{"line":46,"column":44}},"22":{"start":{"line":52,"column":4},"end":{"line":52,"column":67}},"23":{"start":{"line":49,"column":11},"end":{"line":49,"column":33}},"24":{"start":{"line":50,"column":11},"end":{"line":50,"column":26}},"25":{"start":{"line":53,"column":4},"end":{"line":53,"column":61}},"26":{"start":{"line":54,"column":4},"end":{"line":54,"column":36}},"27":{"start":{"line":57,"column":2},"end":{"line":59,"column":3}},"28":{"start":{"line":58,"column":4},"end":{"line":58,"column":43}},"29":{"start":{"line":60,"column":0},"end":{"line":60,"column":1}},"30":{"start":{"line":62,"column":29},"end":{"line":62,"column":48}},"31":{"start":{"line":63,"column":2},"end":{"line":63,"column":54}},"32":{"start":{"line":66,"column":0},"end":{"line":88,"column":1}},"33":{"start":{"line":67,"column":2},"end":{"line":67,"column":18}},"34":{"start":{"line":68,"column":2},"end":{"line":68,"column":20}},"35":{"start":{"line":69,"column":2},"end":{"line":69,"column":23}},"36":{"start":{"line":70,"column":2},"end":{"line":70,"column":17}},"37":{"start":{"line":71,"column":2},"end":{"line":71,"column":16}},"38":{"start":{"line":72,"column":2},"end":{"line":72,"column":24}},"39":{"start":{"line":73,"column":2},"end":{"line":73,"column":21}},"40":{"start":{"line":74,"column":2},"end":{"line":74,"column":35}},"41":{"start":{"line":75,"column":2},"end":{"line":75,"column":22}},"42":{"start":{"line":76,"column":2},"end":{"line":76,"column":16}},"43":{"start":{"line":77,"column":2},"end":{"line":77,"column":12}},"44":{"start":{"line":78,"column":2},"end":{"line":78,"column":22}},"45":{"start":{"line":79,"column":2},"end":{"line":79,"column":20}},"46":{"start":{"line":80,"column":2},"end":{"line":80,"column":21}},"47":{"start":{"line":81,"column":2},"end":{"line":81,"column":23}},"48":{"start":{"line":82,"column":2},"end":{"line":82,"column":19}},"49":{"start":{"line":83,"column":2},"end":{"line":83,"column":22}},"50":{"start":{"line":84,"column":2},"end":{"line":84,"column":18}},"51":{"start":{"line":85,"column":2},"end":{"line":85,"column":26}},"52":{"start":{"line":86,"column":2},"end":{"line":86,"column":22}},"53":{"start":{"line":87,"column":2},"end":{"line":87,"column":19}}},"fnMap":{"0":{"name":"defaultFetch","decl":{"start":{"line":9,"column":22},"end":{"line":9,"column":34}},"loc":{"start":{"line":9,"column":69},"end":{"line":11,"column":1}}},"1":{"name":"(anonymous_23)","decl":{"start":{"line":13,"column":0},"end":{"line":null,"column":-1}},"loc":{"start":{"line":13,"column":0},"end":{"line":13,"column":-1}}},"2":{"name":"GenericAPIClient","decl":{"start":{"line":15,"column":2},"end":{"line":16,"column":19}},"loc":{"start":{"line":18,"column":42},"end":{"line":28,"column":3}}},"3":{"name":"(anonymous_25)","decl":{"start":{"line":22,"column":18},"end":{"line":22,"column":18}},"loc":{"start":{"line":22,"column":23},"end":{"line":24,"column":7}}},"4":{"name":"(anonymous_26)","decl":{"start":{"line":25,"column":23},"end":{"line":25,"column":22}},"loc":{"start":{"line":25,"column":27},"end":{"line":25,"column":35}}},"5":{"name":"(anonymous_27)","decl":{"start":{"line":30,"column":2},"end":{"line":30,"column":22}},"loc":{"start":{"line":30,"column":94},"end":{"line":43,"column":3}}},"6":{"name":"(anonymous_30)","decl":{"start":{"line":46,"column":0},"end":{"line":null,"column":-1}},"loc":{"start":{"line":46,"column":0},"end":{"line":46,"column":-1}}},"7":{"name":"ResponseException","decl":{"start":{"line":47,"column":2},"end":{"line":48,"column":3}},"loc":{"start":{"line":50,"column":26},"end":{"line":55,"column":3}}},"8":{"name":"(anonymous_32)","decl":{"start":{"line":57,"column":2},"end":{"line":null,"column":-1}},"loc":{"start":{"line":57,"column":2},"end":{"line":59,"column":3}}},"9":{"name":"handleStatus","decl":{"start":{"line":62,"column":16},"end":{"line":62,"column":28}},"loc":{"start":{"line":62,"column":48},"end":{"line":64,"column":1}}},"10":{"name":"(anonymous_34)","decl":{"start":{"line":66,"column":0},"end":{"line":66,"column":11}},"loc":{"start":{"line":66,"column":26},"end":{"line":88,"column":1}}}},"branchMap":{"0":{"loc":{"start":{"line":16,"column":20},"end":{"line":16,"column":40}},"type":"if","locations":[{"start":{"line":16,"column":20},"end":{"line":16,"column":40}},{"start":{"line":16,"column":20},"end":{"line":16,"column":40}}]},"1":{"loc":{"start":{"line":21,"column":20},"end":{"line":21,"column":32}},"type":"binary-expr","locations":[{"start":{"line":21,"column":20},"end":{"line":21,"column":32}},{"start":{"line":21,"column":36},"end":{"line":21,"column":48}}]},"2":{"loc":{"start":{"line":27,"column":30},"end":{"line":27,"column":64}},"type":"cond-expr","locations":[{"start":{"line":27,"column":30},"end":{"line":27,"column":64}},{"start":{"line":27,"column":69},"end":{"line":27,"column":84}}]},"3":{"loc":{"start":{"line":31,"column":4},"end":{"line":33,"column":5}},"type":"if","locations":[{"start":{"line":31,"column":4},"end":{"line":33,"column":5}},{"start":{"line":31,"column":4},"end":{"line":33,"column":5}}]},"4":{"loc":{"start":{"line":32,"column":27},"end":{"line":32,"column":58}},"type":"cond-expr","locations":[{"start":{"line":32,"column":27},"end":{"line":32,"column":58}},{"start":{"line":32,"column":61},"end":{"line":32,"column":64}}]},"5":{"loc":{"start":{"line":35,"column":113},"end":{"line":35,"column":124}},"type":"cond-expr","locations":[{"start":{"line":35,"column":113},"end":{"line":35,"column":124}},{"start":{"line":35,"column":126},"end":{"line":35,"column":167}}]},"6":{"loc":{"start":{"line":36,"column":6},"end":{"line":38,"column":7}},"type":"if","locations":[{"start":{"line":36,"column":6},"end":{"line":38,"column":7}},{"start":{"line":36,"column":6},"end":{"line":38,"column":7}}]},"7":{"loc":{"start":{"line":37,"column":15},"end":{"line":37,"column":51}},"type":"binary-expr","locations":[{"start":{"line":37,"column":15},"end":{"line":37,"column":51}},{"start":{"line":37,"column":55},"end":{"line":37,"column":63}}]},"8":{"loc":{"start":{"line":52,"column":4},"end":{"line":52,"column":18}},"type":"binary-expr","locations":[{"start":{"line":52,"column":4},"end":{"line":52,"column":18}}]},"9":{"loc":{"start":{"line":62,"column":29},"end":{"line":62,"column":48}},"type":"if","locations":[{"start":{"line":62,"column":29},"end":{"line":62,"column":48}},{"start":{"line":62,"column":29},"end":{"line":62,"column":48}}]},"10":{"loc":{"start":{"line":63,"column":9},"end":{"line":63,"column":31}},"type":"binary-expr","locations":[{"start":{"line":63,"column":9},"end":{"line":63,"column":31}},{"start":{"line":63,"column":35},"end":{"line":63,"column":53}}]},"11":{"loc":{"start":{"line":66,"column":12},"end":{"line":66,"column":26}},"type":"binary-expr","locations":[{"start":{"line":66,"column":12},"end":{"line":66,"column":26}},{"start":{"line":66,"column":12},"end":{"line":66,"column":26}}]}},"s":{"0":3,"1":3,"2":1,"3":40,"4":19,"5":19,"6":2,"7":16,"8":19,"9":1,"10":18,"11":17,"12":18,"13":18,"14":18,"15":18,"16":12,"17":6,"18":2,"19":1,"20":1,"21":1,"22":4,"23":4,"24":4,"25":4,"26":4,"27":1,"28":1,"29":1,"30":6,"31":5,"32":1,"33":1,"34":1,"35":1,"36":1,"37":1,"38":1,"39":1,"40":1,"41":1,"42":1,"43":1,"44":1,"45":1,"46":1,"47":1,"48":1,"49":1,"50":1,"51":1,"52":1,"53":1},"f":{"0":3,"1":1,"2":19,"3":2,"4":16,"5":18,"6":1,"7":4,"8":1,"9":5,"10":1},"b":{"0":[2,17],"1":[19,9],"2":[17,2],"3":[17,1],"4":[16,1],"5":[1,17],"6":[12,6],"7":[12,1],"8":[4],"9":[1,4],"10":[5,1],"11":[1,1]}}
}
