TN:
SF:/Users/dev/Documents/projects/js/ke/kefetch/src/clients.ts
FN:5,(anonymous_18)
FN:6,(anonymous_20)
FN:11,(anonymous_23)
FN:12,(anonymous_25)
FNF:4
FNH:4
FNDA:9,(anonymous_18)
FNDA:8,(anonymous_20)
FNDA:2,(anonymous_23)
FNDA:1,(anonymous_25)
DA:5,1
DA:6,1
DA:7,8
DA:9,1
DA:11,1
DA:12,1
DA:13,1
DA:15,1
LF:8
LH:8
BRF:0
BRH:0
end_of_record
TN:
SF:/Users/dev/Documents/projects/js/ke/kefetch/src/generic-client.ts
FN:9,defaultFetch
FN:13,(anonymous_23)
FN:15,GenericAPIClient
FN:22,(anonymous_25)
FN:25,(anonymous_26)
FN:30,(anonymous_27)
FN:46,(anonymous_30)
FN:47,ResponseException
FN:57,(anonymous_32)
FN:62,handleStatus
FN:66,(anonymous_34)
FNF:11
FNH:11
FNDA:3,defaultFetch
FNDA:1,(anonymous_23)
FNDA:19,GenericAPIClient
FNDA:2,(anonymous_25)
FNDA:16,(anonymous_26)
FNDA:18,(anonymous_27)
FNDA:1,(anonymous_30)
FNDA:4,ResponseException
FNDA:1,(anonymous_32)
FNDA:5,handleStatus
FNDA:1,(anonymous_34)
DA:10,3
DA:13,1
DA:16,40
DA:17,19
DA:20,19
DA:23,2
DA:25,16
DA:27,19
DA:30,1
DA:31,18
DA:32,17
DA:35,18
DA:36,18
DA:37,12
DA:39,6
DA:41,2
DA:44,1
DA:46,1
DA:49,4
DA:50,4
DA:52,4
DA:53,4
DA:54,4
DA:57,1
DA:58,1
DA:60,1
DA:62,6
DA:63,5
DA:66,1
DA:67,1
DA:68,1
DA:69,1
DA:70,1
DA:71,1
DA:72,1
DA:73,1
DA:74,1
DA:75,1
DA:76,1
DA:77,1
DA:78,1
DA:79,1
DA:80,1
DA:81,1
DA:82,1
DA:83,1
DA:84,1
DA:85,1
DA:86,1
DA:87,1
LF:50
LH:50
BRDA:16,0,0,2
BRDA:16,0,1,17
BRDA:21,1,0,19
BRDA:21,1,1,9
BRDA:27,2,0,17
BRDA:27,2,1,2
BRDA:31,3,0,17
BRDA:31,3,1,1
BRDA:32,4,0,16
BRDA:32,4,1,1
BRDA:35,5,0,1
BRDA:35,5,1,17
BRDA:36,6,0,12
BRDA:36,6,1,6
BRDA:37,7,0,12
BRDA:37,7,1,1
BRDA:52,8,0,4
BRDA:62,9,0,1
BRDA:62,9,1,4
BRDA:63,10,0,5
BRDA:63,10,1,1
BRDA:66,11,0,1
BRDA:66,11,1,1
BRF:23
BRH:23
end_of_record
